<?xml version="1.0" encoding="UTF-8"?>
<!-- Generated by org.testng.reporters.JUnitReportReporter -->
<testsuite hostname="DESKTOP-NPJHE6B" name="ClickOnOrderListing" tests="2" failures="0" timestamp="4 Mar 2021 18:41:54 GMT" time="9.668" errors="0">
  <testcase name="clickOnOrder" time="3.189" classname="ClickOnOrderListing"/>
  <testcase name="clickOnOrderExportButton" time="6.479" classname="ClickOnOrderListing"/>
</testsuite> <!-- ClickOnOrderListing -->
