<?xml version="1.0" encoding="UTF-8"?>
<!-- Generated by org.testng.reporters.JUnitReportReporter -->
<testsuite hostname="DESKTOP-NPJHE6B" name="LaunchUrl" tests="1" failures="0" timestamp="28 Feb 2021 15:10:24 GMT" time="6.778" errors="0">
  <testcase name="clickOnProduct" time="6.778" classname="LaunchUrl"/>
</testsuite> <!-- LaunchUrl -->
