<?xml version="1.0" encoding="UTF-8"?>
<!-- Generated by org.testng.reporters.JUnitReportReporter -->
<testsuite hostname="DESKTOP-NPJHE6B" name="CreateNormalProduct" tests="2" failures="0" timestamp="2 Mar 2021 19:18:25 GMT" time="27.206" errors="0">
  <testcase name="clickOnproductMenu" time="2.432" classname="CreateNormalProduct"/>
  <testcase name="clickOnAddProductButton" time="24.774" classname="CreateNormalProduct"/>
</testsuite> <!-- CreateNormalProduct -->
