<?xml version="1.0" encoding="UTF-8"?>
<!-- Generated by org.testng.reporters.JUnitReportReporter -->
<testsuite hostname="DESKTOP-NPJHE6B" name="ClickOnProductMenu" tests="1" failures="0" timestamp="2 Mar 2021 17:26:40 GMT" time="4.516" errors="0">
  <testcase name="clickOnProduct" time="4.516" classname="ClickOnProductMenu"/>
</testsuite> <!-- ClickOnProductMenu -->
