<?xml version="1.0" encoding="UTF-8"?>
<!-- Generated by org.testng.reporters.JUnitReportReporter -->
<testsuite hostname="DESKTOP-NPJHE6B" name="ClickOnProductMenu" tests="1" failures="0" timestamp="1 Mar 2021 19:07:20 GMT" time="5.867" errors="0">
  <testcase name="clickOnProduct" time="5.867" classname="ClickOnProductMenu"/>
</testsuite> <!-- ClickOnProductMenu -->
