<?xml version="1.0" encoding="UTF-8"?>
<!-- Generated by org.testng.reporters.JUnitReportReporter -->
<testsuite hostname="DESKTOP-NPJHE6B" name="CreateNormalProduct" tests="3" failures="0" timestamp="3 Mar 2021 19:15:35 GMT" time="38.066" errors="0">
  <testcase name="clickOnAddProductButton" time="35.344" classname="CreateNormalProduct"/>
  <testcase name="clickOnproductMenu" time="2.634" classname="CreateNormalProduct"/>
  <testcase name="validateProductCreate" time="0.088" classname="CreateNormalProduct"/>
</testsuite> <!-- CreateNormalProduct -->
